{"/Users/nschulze/Dev/central-fraud-sharing/src/api/index.js":{"path":"/Users/nschulze/Dev/central-fraud-sharing/src/api/index.js","s":{"1":1,"2":1,"3":1,"4":1,"5":1,"6":1},"b":{},"f":{"1":1,"2":1},"fnMap":{"1":{"name":"(anonymous_1)","line":5,"loc":{"start":{"line":5,"column":19},"end":{"line":5,"column":52}}},"2":{"name":"(anonymous_2)","line":6,"loc":{"start":{"line":6,"column":56},"end":{"line":6,"column":69}}}},"statementMap":{"1":{"start":{"line":3,"column":0},"end":{"line":3,"column":28}},"2":{"start":{"line":5,"column":0},"end":{"line":11,"column":1}},"3":{"start":{"line":6,"column":2},"end":{"line":8,"column":4}},"4":{"start":{"line":7,"column":4},"end":{"line":7,"column":35}},"5":{"start":{"line":10,"column":2},"end":{"line":10,"column":8}},"6":{"start":{"line":13,"column":0},"end":{"line":15,"column":1}}},"branchMap":{}},"/Users/nschulze/Dev/central-fraud-sharing/src/lib/config.js":{"path":"/Users/nschulze/Dev/central-fraud-sharing/src/lib/config.js","s":{"1":1,"2":1},"b":{},"f":{},"fnMap":{},"statementMap":{"1":{"start":{"line":1,"column":0},"end":{"line":1,"column":72}},"2":{"start":{"line":3,"column":0},"end":{"line":9,"column":1}}},"branchMap":{}},"/Users/nschulze/Dev/central-fraud-sharing/src/api/metadata/handler.js":{"path":"/Users/nschulze/Dev/central-fraud-sharing/src/api/metadata/handler.js","s":{"1":1,"2":1,"3":6,"4":6,"5":8,"6":5,"7":6,"8":1,"9":1,"10":1,"11":6},"b":{"1":[8,7,6]},"f":{},"fnMap":{},"statementMap":{"1":{"start":{"line":3,"column":0},"end":{"line":3,"column":42}},"2":{"start":{"line":5,"column":0},"end":{"line":15,"column":1}},"3":{"start":{"line":6,"column":2},"end":{"line":6,"column":17}},"4":{"start":{"line":7,"column":2},"end":{"line":13,"column":4}},"5":{"start":{"line":8,"column":4},"end":{"line":10,"column":45}},"6":{"start":{"line":12,"column":4},"end":{"line":12,"column":102}},"7":{"start":{"line":14,"column":2},"end":{"line":14,"column":13}},"8":{"start":{"line":17,"column":0},"end":{"line":19,"column":1}},"9":{"start":{"line":18,"column":2},"end":{"line":18,"column":35}},"10":{"start":{"line":21,"column":0},"end":{"line":26,"column":1}},"11":{"start":{"line":22,"column":2},"end":{"line":25,"column":14}}},"branchMap":{"1":{"line":8,"type":"binary-expr","locations":[{"start":{"line":8,"column":11},"end":{"line":8,"column":42}},{"start":{"line":9,"column":6},"end":{"line":9,"column":40}},{"start":{"line":10,"column":6},"end":{"line":10,"column":45}}]}}},"/Users/nschulze/Dev/central-fraud-sharing/src/manifest.js":{"path":"/Users/nschulze/Dev/central-fraud-sharing/src/manifest.js","s":{"1":1,"2":1,"3":1},"b":{},"f":{},"fnMap":{},"statementMap":{"1":{"start":{"line":3,"column":0},"end":{"line":3,"column":38}},"2":{"start":{"line":4,"column":0},"end":{"line":4,"column":34}},"3":{"start":{"line":6,"column":0},"end":{"line":68,"column":1}}},"branchMap":{}},"/Users/nschulze/Dev/central-fraud-sharing/src/db/index.js":{"path":"/Users/nschulze/Dev/central-fraud-sharing/src/db/index.js","s":{"1":1},"b":{},"f":{},"fnMap":{},"statementMap":{"1":{"start":{"line":3,"column":0},"end":{"line":3,"column":73}}},"branchMap":{}},"/Users/nschulze/Dev/central-fraud-sharing/src/lib/migrator.js":{"path":"/Users/nschulze/Dev/central-fraud-sharing/src/lib/migrator.js","s":{"1":3,"2":3,"3":3,"4":3,"5":1,"6":3,"7":1,"8":1,"9":1},"b":{},"f":{"1":1},"fnMap":{"1":{"name":"(anonymous_1)","line":7,"loc":{"start":{"line":7,"column":18},"end":{"line":7,"column":30}}}},"statementMap":{"1":{"start":{"line":3,"column":0},"end":{"line":3,"column":28}},"2":{"start":{"line":4,"column":0},"end":{"line":4,"column":83}},"3":{"start":{"line":5,"column":0},"end":{"line":5,"column":49}},"4":{"start":{"line":7,"column":0},"end":{"line":9,"column":1}},"5":{"start":{"line":8,"column":2},"end":{"line":8,"column":63}},"6":{"start":{"line":11,"column":0},"end":{"line":15,"column":1}},"7":{"start":{"line":12,"column":2},"end":{"line":12,"column":52}},"8":{"start":{"line":13,"column":2},"end":{"line":13,"column":65}},"9":{"start":{"line":14,"column":2},"end":{"line":14,"column":11}}},"branchMap":{}},"/Users/nschulze/Dev/central-fraud-sharing/config/knexfile.js":{"path":"/Users/nschulze/Dev/central-fraud-sharing/config/knexfile.js","s":{"1":1,"2":1,"3":1},"b":{},"f":{},"fnMap":{},"statementMap":{"1":{"start":{"line":3,"column":0},"end":{"line":3,"column":43}},"2":{"start":{"line":5,"column":0},"end":{"line":5,"column":43}},"3":{"start":{"line":7,"column":0},"end":{"line":15,"column":1}}},"branchMap":{}},"/Users/nschulze/Dev/central-fraud-sharing/src/api/metadata/routes.js":{"path":"/Users/nschulze/Dev/central-fraud-sharing/src/api/metadata/routes.js","s":{"1":1,"2":1,"3":1},"b":{},"f":{},"fnMap":{},"statementMap":{"1":{"start":{"line":1,"column":0},"end":{"line":1,"column":36}},"2":{"start":{"line":2,"column":0},"end":{"line":2,"column":32}},"3":{"start":{"line":4,"column":0},"end":{"line":24,"column":1}}},"branchMap":{}},"/Users/nschulze/Dev/central-fraud-sharing/src/server.js":{"path":"/Users/nschulze/Dev/central-fraud-sharing/src/server.js","s":{"1":2,"2":2,"3":2,"4":2,"5":2,"6":2,"7":2,"8":2,"9":1,"10":1,"11":1,"12":1,"13":1,"14":1},"b":{},"f":{},"fnMap":{},"statementMap":{"1":{"start":{"line":3,"column":0},"end":{"line":3,"column":28}},"2":{"start":{"line":4,"column":0},"end":{"line":4,"column":38}},"3":{"start":{"line":5,"column":0},"end":{"line":5,"column":26}},"4":{"start":{"line":6,"column":0},"end":{"line":6,"column":73}},"5":{"start":{"line":7,"column":0},"end":{"line":7,"column":42}},"6":{"start":{"line":8,"column":0},"end":{"line":8,"column":38}},"7":{"start":{"line":10,"column":0},"end":{"line":10,"column":48}},"8":{"start":{"line":12,"column":0},"end":{"line":19,"column":4}},"9":{"start":{"line":13,"column":14},"end":{"line":13,"column":45}},"10":{"start":{"line":14,"column":14},"end":{"line":14,"column":52}},"11":{"start":{"line":15,"column":18},"end":{"line":15,"column":97}},"12":{"start":{"line":15,"column":44},"end":{"line":15,"column":96}},"13":{"start":{"line":17,"column":4},"end":{"line":17,"column":21}},"14":{"start":{"line":18,"column":4},"end":{"line":18,"column":13}}},"branchMap":{}}}