TN:
SF:/Users/nschulze/Dev/central-fraud-sharing/src/api/index.js
FN:5,(anonymous_1)
FN:6,(anonymous_2)
FNF:2
FNH:2
FNDA:1,(anonymous_1)
FNDA:1,(anonymous_2)
DA:3,1
DA:5,1
DA:6,1
DA:7,1
DA:10,1
DA:13,1
LF:6
LH:6
BRF:0
BRH:0
end_of_record
TN:
SF:/Users/nschulze/Dev/central-fraud-sharing/src/lib/config.js
FNF:0
FNH:0
DA:1,1
DA:3,1
LF:2
LH:2
BRF:0
BRH:0
end_of_record
TN:
SF:/Users/nschulze/Dev/central-fraud-sharing/src/api/metadata/handler.js
FNF:0
FNH:0
DA:3,1
DA:5,1
DA:6,6
DA:7,6
DA:8,8
DA:12,5
DA:14,6
DA:17,1
DA:18,1
DA:21,1
DA:22,6
LF:11
LH:11
BRDA:8,1,0,8
BRDA:8,1,1,7
BRDA:8,1,2,6
BRF:3
BRH:3
end_of_record
TN:
SF:/Users/nschulze/Dev/central-fraud-sharing/src/manifest.js
FNF:0
FNH:0
DA:3,1
DA:4,1
DA:6,1
LF:3
LH:3
BRF:0
BRH:0
end_of_record
TN:
SF:/Users/nschulze/Dev/central-fraud-sharing/src/db/index.js
FNF:0
FNH:0
DA:3,1
LF:1
LH:1
BRF:0
BRH:0
end_of_record
TN:
SF:/Users/nschulze/Dev/central-fraud-sharing/src/lib/migrator.js
FN:7,(anonymous_1)
FNF:1
FNH:1
FNDA:1,(anonymous_1)
DA:3,3
DA:4,3
DA:5,3
DA:7,3
DA:8,1
DA:11,3
DA:12,1
DA:13,1
DA:14,1
LF:9
LH:9
BRF:0
BRH:0
end_of_record
TN:
SF:/Users/nschulze/Dev/central-fraud-sharing/config/knexfile.js
FNF:0
FNH:0
DA:3,1
DA:5,1
DA:7,1
LF:3
LH:3
BRF:0
BRH:0
end_of_record
TN:
SF:/Users/nschulze/Dev/central-fraud-sharing/src/api/metadata/routes.js
FNF:0
FNH:0
DA:1,1
DA:2,1
DA:4,1
LF:3
LH:3
BRF:0
BRH:0
end_of_record
TN:
SF:/Users/nschulze/Dev/central-fraud-sharing/src/server.js
FNF:0
FNH:0
DA:3,2
DA:4,2
DA:5,2
DA:6,2
DA:7,2
DA:8,2
DA:10,2
DA:12,2
DA:13,1
DA:14,1
DA:15,1
DA:17,1
DA:18,1
LF:13
LH:13
BRF:0
BRH:0
end_of_record
